app/mapping.txt
# compiler: R8
# compiler_version: 1.4.94
# min_api: 16
me.hegj.wandroid.app.ActivityLifecycleCallbacksImpl -> me.hegj.wandroid.app.a:
me.hegj.wandroid.app.AppLifecyclesImpl -> me.hegj.wandroid.app.b:
    void attachBaseContext(android.content.Context) -> a
    void onCreate(android.app.Application) -> a
    void onTerminate(android.app.Application) -> b
me.hegj.wandroid.app.FragmentLifecycleCallbacksImpl -> me.hegj.wandroid.app.c:
me.hegj.wandroid.app.GlobalConfiguration -> me.hegj.wandroid.app.GlobalConfiguration:
    void applyOptions(android.content.Context,com.jess.arms.di.module.GlobalConfigModule$Builder) -> a
    void injectFragmentLifecycle(android.content.Context,java.util.List) -> a
    void injectAppLifecycle(android.content.Context,java.util.List) -> b
    void injectActivityLifecycle(android.content.Context,java.util.List) -> c
me.hegj.wandroid.app.GlobalConfiguration$applyOptions$1 -> me.hegj.wandroid.app.d:
    me.hegj.wandroid.app.GlobalConfiguration$applyOptions$1 INSTANCE -> a
    void configGson(android.content.Context,com.google.gson.GsonBuilder) -> a
me.hegj.wandroid.app.GlobalConfiguration$applyOptions$2 -> me.hegj.wandroid.app.e:
    me.hegj.wandroid.app.GlobalConfiguration$applyOptions$2 INSTANCE -> a
    void configRetrofit(android.content.Context,retrofit2.Retrofit$Builder) -> a
me.hegj.wandroid.app.GlobalConfiguration$applyOptions$3 -> me.hegj.wandroid.app.f:
    me.hegj.wandroid.app.GlobalConfiguration$applyOptions$3 INSTANCE -> a
    void configOkhttp(android.content.Context,okhttp3.OkHttpClient$Builder) -> a
me.hegj.wandroid.app.GlobalConfiguration$applyOptions$4 -> me.hegj.wandroid.app.g:
    me.hegj.wandroid.app.GlobalConfiguration$applyOptions$4 INSTANCE -> a
    io.rx_cache2.internal.RxCache configRxCache(android.content.Context,io.rx_cache2.internal.RxCache$Builder) -> a
    java.lang.Void configRxCache(android.content.Context,io.rx_cache2.internal.RxCache$Builder) -> a
me.hegj.wandroid.app.GlobalHttpHandlerImpl -> me.hegj.wandroid.app.h:
    android.content.Context context -> a
    okhttp3.Request onHttpRequestBefore(okhttp3.Interceptor$Chain,okhttp3.Request) -> a
    okhttp3.Response onHttpResultResponse(java.lang.String,okhttp3.Interceptor$Chain,okhttp3.Response) -> a
me.hegj.wandroid.app.ResponseErrorListenerImpl -> me.hegj.wandroid.app.i:
me.hegj.wandroid.app.utils.CacheDataManager -> me.hegj.wandroid.app.a.a:
    me.hegj.wandroid.app.utils.CacheDataManager INSTANCE -> a
    void clearAllCache(android.content.Context) -> a
    long getFolderSize(java.io.File) -> a
    java.lang.String getFormatSize(double) -> a
    boolean deleteDir(java.io.File) -> b
    java.lang.String getTotalCacheSize(android.content.Context) -> b
me.hegj.wandroid.app.utils.CacheUtil -> me.hegj.wandroid.app.a.d:
    java.util.List getProjectTitles(android.content.Context) -> a
    void setProjectTitles(android.content.Context,java.lang.String) -> a
    java.util.List getPublicTitles(android.content.Context) -> b
    void setPublicTitles(android.content.Context,java.lang.String) -> b
me.hegj.wandroid.app.utils.CacheUtil$getProjectTitles$1 -> me.hegj.wandroid.app.a.b:
me.hegj.wandroid.app.utils.CacheUtil$getPublicTitles$1 -> me.hegj.wandroid.app.a.c:
me.hegj.wandroid.app.utils.ColorUtil -> me.hegj.wandroid.app.a.e:
    me.hegj.wandroid.app.utils.ColorUtil INSTANCE -> c
    int[][] PRIMARY_COLORS_SUB -> b
    int[] ACCENT_COLORS -> a
    int[] getACCENT_COLORS() -> a
    int[][] getPRIMARY_COLORS_SUB() -> b
me.hegj.wandroid.app.utils.HttpUtils -> me.hegj.wandroid.app.a.f:
    me.hegj.wandroid.app.utils.HttpUtils INSTANCE -> b
    okhttp3.MediaType mediaType -> a
    java.lang.String convertStatusCode(retrofit2.HttpException) -> a
    java.lang.String encodeCookie(java.util.List) -> a
    java.lang.String getErrorText(java.lang.Throwable) -> a
    java.lang.String getProcessName(int) -> a
...
com.google.gson.internal.ConstructorConstructor$3 -> com.google.gson.internal.i:
    com.google.gson.internal.ConstructorConstructor this$0 -> b
    java.lang.reflect.Constructor val$constructor -> a
    java.lang.Object construct() -> a
com.google.gson.internal.ConstructorConstructor$4 -> com.google.gson.internal.j:
    com.google.gson.internal.ConstructorConstructor this$0 -> a
    java.lang.Object construct() -> a
com.google.gson.internal.ConstructorConstructor$5 -> com.google.gson.internal.k:
    java.lang.reflect.Type val$type -> a
    com.google.gson.internal.ConstructorConstructor this$0 -> b
    java.lang.Object construct() -> a
com.google.gson.internal.ConstructorConstructor$6 -> com.google.gson.internal.l:
    com.google.gson.internal.ConstructorConstructor this$0 -> a
    java.lang.Object construct() -> a
com.google.gson.internal.ConstructorConstructor$7 -> com.google.gson.internal.m:
    com.google.gson.internal.ConstructorConstructor this$0 -> a
    java.lang.Object construct() -> a
com.google.gson.internal.ConstructorConstructor$8 -> com.google.gson.internal.n:
    com.google.gson.internal.ConstructorConstructor this$0 -> a
    java.lang.Object construct() -> a
com.google.gson.internal.ConstructorConstructor$9 -> com.google.gson.internal.o:
    com.google.gson.internal.ConstructorConstructor this$0 -> a
    java.lang.Object construct() -> a
com.google.gson.internal.Excluder -> com.google.gson.internal.r:
    java.util.List serializationStrategies -> f
    com.google.gson.internal.Excluder DEFAULT -> a
    double version -> b
    boolean requireExpose -> e
    java.util.List deserializationStrategies -> g
    int modifiers -> c
    boolean serializeInnerClasses -> d
    com.google.gson.TypeAdapter create(com.google.gson.Gson,com.google.gson.reflect.TypeToken) -> a
    boolean excludeClass(java.lang.Class,boolean) -> a
    boolean excludeClassChecks(java.lang.Class) -> a
    boolean excludeField(java.lang.reflect.Field,boolean) -> a
    boolean isValidSince(com.google.gson.annotations.Since) -> a
    boolean isValidUntil(com.google.gson.annotations.Until) -> a
    boolean isValidVersion(com.google.gson.annotations.Since,com.google.gson.annotations.Until) -> a
    boolean excludeClassInStrategy(java.lang.Class,boolean) -> b
    boolean isAnonymousOrLocal(java.lang.Class) -> b
    boolean isInnerClass(java.lang.Class) -> c
    boolean isStatic(java.lang.Class) -> d
com.google.gson.internal.Excluder$1 -> com.google.gson.internal.q:
    com.google.gson.internal.Excluder this$0 -> f
    com.google.gson.Gson val$gson -> d
    com.google.gson.TypeAdapter delegate -> a
    boolean val$skipDeserialize -> b
    boolean val$skipSerialize -> c
    com.google.gson.reflect.TypeToken val$type -> e
    java.lang.Object read(com.google.gson.stream.JsonReader) -> a
    void write(com.google.gson.stream.JsonWriter,java.lang.Object) -> a
    com.google.gson.TypeAdapter delegate() -> b
com.google.gson.internal.JavaVersion -> com.google.gson.internal.s:
    int majorJavaVersion -> a
    int getMajorJavaVersion() -> a
    int getMajorJavaVersion(java.lang.String) -> a
    int extractBeginningInt(java.lang.String) -> b
    boolean isJava9OrLater() -> b
    int determineMajorJavaVersion() -> c
    int parseDotted(java.lang.String) -> c
com.google.gson.internal.JsonReaderInternalAccess -> com.google.gson.internal.t:
com.google.gson.internal.LazilyParsedNumber -> com.google.gson.internal.LazilyParsedNumber:
    java.lang.String value -> a